Build started 12/03/2016 18:49:10.
     1>Project "C:\Users\Marc Samper\documents\visual studio 2013\Projects\Zork2\Zork2\Zork2.vcxproj" on node 2 (Build target(s)).
     1>ClCompile:
         C:\Program Files (x86)\Microsoft Visual Studio 12.0\VC\bin\CL.exe /c /ZI /nologo /W3 /WX- /sdl /Od /Oy- /D _MBCS /Gm /EHsc /RTC1 /MDd /GS /fp:precise /Zc:wchar_t /Zc:forScope /Fo"Debug\\" /Fd"Debug\vc120.pdb" /Gd /TP /analyze- /errorReport:prompt function.cpp
         function.cpp
     1>c:\users\marc samper\documents\visual studio 2013\projects\zork2\zork2\function.cpp(70): error C2659: '=' : function as left operand
     1>Done Building Project "C:\Users\Marc Samper\documents\visual studio 2013\Projects\Zork2\Zork2\Zork2.vcxproj" (Build target(s)) -- FAILED.

Build FAILED.

Time Elapsed 00:00:00.16
